# JRE version: OpenJDK Runtime Environment Temurin-21.0.5+11 (21.0.5+11) (build 21.0.5+11-LTS)
# Java VM: OpenJDK 64-Bit Server VM Temurin-21.0.5+11 (21.0.5+11-LTS, mixed mode, sharing, tiered, compressed oops, compressed class ptrs, g1 gc, windows-amd64)
GC Precious Log:
 CardTable entry size: 512
 Card Set container configuration: InlinePtr #cards 4 size 8 Array Of Cards #cards 32 size 80 Howl #buckets 8 coarsen threshold 7372 Howl Bitmap #cards 1024 size 144 coarsen threshold 921 Card regions per heap region 1 cards per card region 8192
 CPUs: 12 total, 12 available
 Memory: 16087M
 Large Page Support: Disabled
 NUMA Support: Disabled
 Compressed Oops: Enabled (Zero based)
 Heap Region Size: 4M
 Heap Min Capacity: 812M
 Heap Initial Capacity: 812M
 Heap Max Capacity: 6G
 Pre-touch: Disabled
 Parallel Workers: 4
 Concurrent Workers: 1
 Concurrent Refinement Workers: 4
 Periodic GC: Disabled
 String Deduplication is enabled
Heap:
 garbage-first heap   total 831488K, used 75377K [0x0000000680000000, 0x0000000800000000)
  region size 4096K, 2 young (8192K), 0 survivors (0K)
 Metaspace       used 59148K, committed 59648K, reserved 1114112K
  class space    used 7663K, committed 7872K, reserved 1048576K
GC Heap History (12 events):
Event: 15.173 GC heap before
{Heap before GC invocations=0 (full 0):
 garbage-first heap   total 831488K, used 81920K [0x0000000680000000, 0x0000000800000000)
  region size 4096K, 20 young (81920K), 0 survivors (0K)
 Metaspace       used 16629K, committed 16832K, reserved 1114112K
  class space    used 1491K, committed 1600K, reserved 1048576K
}
Event: 15.186 GC heap after
{Heap after GC invocations=1 (full 0):
 garbage-first heap   total 831488K, used 20089K [0x0000000680000000, 0x0000000800000000)
  region size 4096K, 3 young (12288K), 3 survivors (12288K)
 Metaspace       used 16629K, committed 16832K, reserved 1114112K
  class space    used 1491K, committed 1600K, reserved 1048576K
}
Event: 20.586 GC heap before
{Heap before GC invocations=1 (full 0):
 garbage-first heap   total 831488K, used 61049K [0x0000000680000000, 0x0000000800000000)
  region size 4096K, 14 young (57344K), 3 survivors (12288K)
 Metaspace       used 21345K, committed 21504K, reserved 1114112K
  class space    used 2140K, committed 2240K, reserved 1048576K
}
Event: 20.598 GC heap after
{Heap after GC invocations=2 (full 0):
 garbage-first heap   total 831488K, used 23836K [0x0000000680000000, 0x0000000800000000)
  region size 4096K, 1 young (4096K), 1 survivors (4096K)
 Metaspace       used 21345K, committed 21504K, reserved 1114112K
  class space    used 2140K, committed 2240K, reserved 1048576K
}
Event: 25.681 GC heap before
{Heap before GC invocations=3 (full 0):
 garbage-first heap   total 831488K, used 118044K [0x0000000680000000, 0x0000000800000000)
  region size 4096K, 14 young (57344K), 1 survivors (4096K)
 Metaspace       used 35741K, committed 35968K, reserved 1114112K
  class space    used 4020K, committed 4160K, reserved 1048576K
}
Event: 25.691 GC heap after
{Heap after GC invocations=4 (full 0):
 garbage-first heap   total 831488K, used 44211K [0x0000000680000000, 0x0000000800000000)
  region size 4096K, 3 young (12288K), 3 survivors (12288K)
 Metaspace       used 35741K, committed 35968K, reserved 1114112K
  class space    used 4020K, committed 4160K, reserved 1048576K
}
Event: 32.592 GC heap before
{Heap before GC invocations=5 (full 0):
 garbage-first heap   total 831488K, used 113843K [0x0000000680000000, 0x0000000800000000)
  region size 4096K, 20 young (81920K), 3 survivors (12288K)
 Metaspace       used 46676K, committed 47040K, reserved 1114112K
  class space    used 5703K, committed 5888K, reserved 1048576K
}
Event: 32.616 GC heap after
{Heap after GC invocations=6 (full 0):
 garbage-first heap   total 831488K, used 53368K [0x0000000680000000, 0x0000000800000000)
  region size 4096K, 3 young (12288K), 3 survivors (12288K)
 Metaspace       used 46676K, committed 47040K, reserved 1114112K
  class space    used 5703K, committed 5888K, reserved 1048576K
}
Event: 37.549 GC heap before
{Heap before GC invocations=6 (full 0):
 garbage-first heap   total 831488K, used 123000K [0x0000000680000000, 0x0000000800000000)
  region size 4096K, 20 young (81920K), 3 survivors (12288K)
 Metaspace       used 52075K, committed 52416K, reserved 1114112K
  class space    used 6641K, committed 6784K, reserved 1048576K
}
Event: 37.577 GC heap after
{Heap after GC invocations=7 (full 0):
 garbage-first heap   total 831488K, used 58135K [0x0000000680000000, 0x0000000800000000)
  region size 4096K, 3 young (12288K), 3 survivors (12288K)
 Metaspace       used 52075K, committed 52416K, reserved 1114112K
  class space    used 6641K, committed 6784K, reserved 1048576K
}
Event: 44.697 GC heap before
{Heap before GC invocations=7 (full 0):
 garbage-first heap   total 831488K, used 127767K [0x0000000680000000, 0x0000000800000000)
  region size 4096K, 20 young (81920K), 3 survivors (12288K)
 Metaspace       used 59089K, committed 59520K, reserved 1114112K
  class space    used 7662K, committed 7872K, reserved 1048576K
}
Event: 44.778 GC heap after
{Heap after GC invocations=8 (full 1):
 garbage-first heap   total 831488K, used 71281K [0x0000000680000000, 0x0000000800000000)
  region size 4096K, 0 young (0K), 0 survivors (0K)
 Metaspace       used 59089K, committed 59520K, reserved 1114112K
  class space    used 7662K, committed 7872K, reserved 1048576K
}

